<?xml version="1.0" encoding="UTF-8"?>
<!-- Generated by org.testng.reporters.JUnitReportReporter -->
<testsuite skipped="0" hostname="DESKTOP-DLOO99J" name="Assignment.TestCase_Trumbull" tests="1" failures="0" timestamp="2021-07-18T23:14:08 IST" time="21.387" errors="0">
  <testcase name="testCase" time="21.387" classname="Assignment.TestCase_Trumbull"/>
</testsuite> <!-- Assignment.TestCase_Trumbull -->
